This is pdfTeX, Version 3.141592653-2.6-1.40.25 (TeX Live 2023) (preloaded format=pdflatex 2024.1.1)  19 FEB 2026 14:45
entering extended mode
 restricted \write18 enabled.
 file:line:error style messages enabled.
 %&-line parsing enabled.
**c:/Users/Joseph/Documents/math/latex/AlgebraicGeometry/2022spring_or_older/riemannsurfaces.tex
(c:/Users/Joseph/Documents/math/latex/AlgebraicGeometry/2022spring_or_older/riemannsurfaces.tex
LaTeX2e <2023-06-01>
L3 programming layer <2023-06-05>
(c:/texlive/2023/texmf-dist/tex/latex/base/article.cls
Document Class: article 2023/05/17 v1.4n Standard LaTeX document class
(c:/texlive/2023/texmf-dist/tex/latex/base/size12.clo
File: size12.clo 2023/05/17 v1.4n Standard LaTeX file (size option)
)
\c@part=\count185
\c@section=\count186
\c@subsection=\count187
\c@subsubsection=\count188
\c@paragraph=\count189
\c@subparagraph=\count190
\c@figure=\count191
\c@table=\count192
\abovecaptionskip=\skip48
\belowcaptionskip=\skip49
\bibindent=\dimen140
) (c:/texlive/2023/texmf-dist/tex/latex/base/inputenc.sty
Package: inputenc 2021/02/14 v1.3d Input encoding file
\inpenc@prehook=\toks17
\inpenc@posthook=\toks18
)

! LaTeX Error: File `mystyle.sty' not found.

Type X to quit or <RETURN> to proceed,
or enter new name. (Default extension: sty)

Enter file name: 
c:/Users/Joseph/Documents/math/latex/AlgebraicGeometry/2022spring_or_older/riemannsurfaces.tex:5: Emergency stop.
<read *> 
         
l.5 ^^M
       
*** (cannot \read from terminal in nonstop modes)

 
Here is how much of TeX's memory you used:
 263 strings out of 475735
 3790 string characters out of 5786245
 1851753 words of memory out of 5000000
 21094 multiletter control sequences out of 15000+600000
 513685 words of font info for 35 fonts, out of 8000000 for 9000
 1141 hyphenation exceptions out of 8191
 35i,0n,38p,234b,36s stack positions out of 10000i,1000n,20000p,200000b,200000s
c:/Users/Joseph/Documents/math/latex/AlgebraicGeometry/2022spring_or_older/riemannsurfaces.tex:5:  ==> Fatal error occurred, no output PDF file produced!
